{"message":"Connected to MongoDB...","level":"info"}
{"message":"Connected to MongoDB...","level":"info"}
{"message":"Connected to MongoDB...","level":"info"}
{"message":"Connected to MongoDB...","level":"info"}
{"message":"Connected to MongoDB...","level":"info"}
{"message":"Connected to MongoDB...","level":"info"}
{"message":"Connected to MongoDB...","level":"info"}
{"message":"Connected to MongoDB...","level":"info"}
{"message":"Connected to MongoDB...","level":"info"}
{"message":"Connected to MongoDB...","level":"info"}
{"message":"Connected to MongoDB...","level":"info"}
{"message":"Connected to MongoDB...","level":"info"}
{"message":"Connected to MongoDB...","level":"info"}
{"message":"Connected to MongoDB...","level":"info"}
{"message":"Connected to MongoDB...","level":"info"}
{"message":"Connected to MongoDB...","level":"info"}
{"message":"Connected to MongoDB...","level":"info"}
{"message":"Connected to MongoDB...","level":"info"}
{"message":"Connected to MongoDB...","level":"info"}
{"message":"Connected to MongoDB...","level":"info"}
{"message":"Connected to MongoDB...","level":"info"}
{"message":"Connected to MongoDB...","level":"info"}
{"message":"Connected to MongoDB...","level":"info"}
{"message":"Listening on port 3000","level":"info"}
{"message":"Connected to MongoDB...","level":"info"}
{"message":"Listening on port 3000","level":"info"}
{"message":"Connected to MongoDB...","level":"info"}
{"message":"Listening on port 3000","level":"info"}
{"message":"Connected to MongoDB...","level":"info"}
{"message":"Listening on port 3000","level":"info"}
{"message":"Connected to MongoDB...","level":"info"}
{"message":"Listening on port 3000","level":"info"}
{"message":"Listening on port 3000","level":"info"}
{"message":"Connected to mongodb://localhost/playground...","level":"info"}
{"message":"Listening on port 3000","level":"info"}
{"message":"Connected to mongodb://localhost/playground...","level":"info"}
{"message":"Listening on port 3000","level":"info"}
{"message":"Connected to mongodb://localhost/vidly_tests...","level":"info"}
{"message":"Listening on port 3000","level":"info"}
{"message":"Connected to mongodb://localhost/vidly_tests...","level":"info"}
{"message":"Listening on port 3000","level":"info"}
{"message":"Connected to mongodb://localhost/vidly_tests...","level":"info"}
{"message":"Listening on port 3000","level":"info"}
{"message":"Connected to mongodb://localhost/vidly_tests...","level":"info"}
{"message":"Listening on port 3000","level":"info"}
{"message":"Connected to mongodb://localhost/vidly_tests...","level":"info"}
{"message":"Listening on port 3000","level":"info"}
{"message":"Connected to mongodb://localhost/vidly_tests...","level":"info"}
{"message":"Listening on port 3000","level":"info"}
{"message":"Connected to mongodb://localhost/vidly_tests...","level":"info"}
{"message":"Listening on port 3000","level":"info"}
{"message":"Connected to mongodb://localhost/vidly_tests...","level":"info"}
{"message":"Listening on port 3000","level":"info"}
{"message":"Connected to mongodb://localhost/vidly_tests...","level":"info"}
{"message":"Listening on port 3000","level":"info"}
{"message":"Connected to mongodb://localhost/vidly_tests...","level":"info"}
{"message":"Listening on port 3000","level":"info"}
{"message":"Listening on port 3000","level":"info"}
{"message":"Listening on port 3000","level":"info"}
{"level":"error","message":"Could not get the genres.Could not get the genres.","stack":"Error: Could not get the genres.\n    at Object.<anonymous>.router.get (/Users/kerby/workspace/node/node-mosh/demos/ex17-vidly-unit-tests/routes/genres.js:28:9)\n    at newFn (/Users/kerby/workspace/node/node-mosh/demos/ex17-vidly-unit-tests/node_modules/express-async-errors/index.js:16:20)\n    at Layer.handle [as handle_request] (/Users/kerby/workspace/node/node-mosh/demos/ex17-vidly-unit-tests/node_modules/express/lib/router/layer.js:95:5)\n    at next (/Users/kerby/workspace/node/node-mosh/demos/ex17-vidly-unit-tests/node_modules/express/lib/router/route.js:137:13)\n    at Route.dispatch (/Users/kerby/workspace/node/node-mosh/demos/ex17-vidly-unit-tests/node_modules/express/lib/router/route.js:112:3)\n    at newFn (/Users/kerby/workspace/node/node-mosh/demos/ex17-vidly-unit-tests/node_modules/express-async-errors/index.js:16:20)\n    at Layer.handle [as handle_request] (/Users/kerby/workspace/node/node-mosh/demos/ex17-vidly-unit-tests/node_modules/express/lib/router/layer.js:95:5)\n    at /Users/kerby/workspace/node/node-mosh/demos/ex17-vidly-unit-tests/node_modules/express/lib/router/index.js:281:22\n    at Function.process_params (/Users/kerby/workspace/node/node-mosh/demos/ex17-vidly-unit-tests/node_modules/express/lib/router/index.js:335:12)\n    at next (/Users/kerby/workspace/node/node-mosh/demos/ex17-vidly-unit-tests/node_modules/express/lib/router/index.js:275:10)\n    at Function.handle (/Users/kerby/workspace/node/node-mosh/demos/ex17-vidly-unit-tests/node_modules/express/lib/router/index.js:174:3)\n    at router (/Users/kerby/workspace/node/node-mosh/demos/ex17-vidly-unit-tests/node_modules/express/lib/router/index.js:47:12)\n    at newFn (/Users/kerby/workspace/node/node-mosh/demos/ex17-vidly-unit-tests/node_modules/express-async-errors/index.js:16:20)\n    at Layer.handle [as handle_request] (/Users/kerby/workspace/node/node-mosh/demos/ex17-vidly-unit-tests/node_modules/express/lib/router/layer.js:95:5)\n    at trim_prefix (/Users/kerby/workspace/node/node-mosh/demos/ex17-vidly-unit-tests/node_modules/express/lib/router/index.js:317:13)\n    at /Users/kerby/workspace/node/node-mosh/demos/ex17-vidly-unit-tests/node_modules/express/lib/router/index.js:284:7\n    at Function.process_params (/Users/kerby/workspace/node/node-mosh/demos/ex17-vidly-unit-tests/node_modules/express/lib/router/index.js:335:12)\n    at next (/Users/kerby/workspace/node/node-mosh/demos/ex17-vidly-unit-tests/node_modules/express/lib/router/index.js:275:10)\n    at jsonParser (/Users/kerby/workspace/node/node-mosh/demos/ex17-vidly-unit-tests/node_modules/body-parser/lib/types/json.js:110:7)\n    at newFn (/Users/kerby/workspace/node/node-mosh/demos/ex17-vidly-unit-tests/node_modules/express-async-errors/index.js:16:20)\n    at Layer.handle [as handle_request] (/Users/kerby/workspace/node/node-mosh/demos/ex17-vidly-unit-tests/node_modules/express/lib/router/layer.js:95:5)\n    at trim_prefix (/Users/kerby/workspace/node/node-mosh/demos/ex17-vidly-unit-tests/node_modules/express/lib/router/index.js:317:13)\n    at /Users/kerby/workspace/node/node-mosh/demos/ex17-vidly-unit-tests/node_modules/express/lib/router/index.js:284:7\n    at Function.process_params (/Users/kerby/workspace/node/node-mosh/demos/ex17-vidly-unit-tests/node_modules/express/lib/router/index.js:335:12)\n    at next (/Users/kerby/workspace/node/node-mosh/demos/ex17-vidly-unit-tests/node_modules/express/lib/router/index.js:275:10)\n    at expressInit (/Users/kerby/workspace/node/node-mosh/demos/ex17-vidly-unit-tests/node_modules/express/lib/middleware/init.js:40:5)\n    at newFn (/Users/kerby/workspace/node/node-mosh/demos/ex17-vidly-unit-tests/node_modules/express-async-errors/index.js:16:20)\n    at Layer.handle [as handle_request] (/Users/kerby/workspace/node/node-mosh/demos/ex17-vidly-unit-tests/node_modules/express/lib/router/layer.js:95:5)\n    at trim_prefix (/Users/kerby/workspace/node/node-mosh/demos/ex17-vidly-unit-tests/node_modules/express/lib/router/index.js:317:13)\n    at /Users/kerby/workspace/node/node-mosh/demos/ex17-vidly-unit-tests/node_modules/express/lib/router/index.js:284:7\n    at Function.process_params (/Users/kerby/workspace/node/node-mosh/demos/ex17-vidly-unit-tests/node_modules/express/lib/router/index.js:335:12)\n    at next (/Users/kerby/workspace/node/node-mosh/demos/ex17-vidly-unit-tests/node_modules/express/lib/router/index.js:275:10)\n    at query (/Users/kerby/workspace/node/node-mosh/demos/ex17-vidly-unit-tests/node_modules/express/lib/middleware/query.js:45:5)\n    at newFn (/Users/kerby/workspace/node/node-mosh/demos/ex17-vidly-unit-tests/node_modules/express-async-errors/index.js:16:20)\n    at Layer.handle [as handle_request] (/Users/kerby/workspace/node/node-mosh/demos/ex17-vidly-unit-tests/node_modules/express/lib/router/layer.js:95:5)\n    at trim_prefix (/Users/kerby/workspace/node/node-mosh/demos/ex17-vidly-unit-tests/node_modules/express/lib/router/index.js:317:13)\n    at /Users/kerby/workspace/node/node-mosh/demos/ex17-vidly-unit-tests/node_modules/express/lib/router/index.js:284:7\n    at Function.process_params (/Users/kerby/workspace/node/node-mosh/demos/ex17-vidly-unit-tests/node_modules/express/lib/router/index.js:335:12)\n    at next (/Users/kerby/workspace/node/node-mosh/demos/ex17-vidly-unit-tests/node_modules/express/lib/router/index.js:275:10)\n    at Function.handle (/Users/kerby/workspace/node/node-mosh/demos/ex17-vidly-unit-tests/node_modules/express/lib/router/index.js:174:3)\n    at Function.handle (/Users/kerby/workspace/node/node-mosh/demos/ex17-vidly-unit-tests/node_modules/express/lib/application.js:174:10)\n    at Server.app (/Users/kerby/workspace/node/node-mosh/demos/ex17-vidly-unit-tests/node_modules/express/lib/express.js:39:9)\n    at Server.emit (events.js:198:13)\n    at parserOnIncoming (_http_server.js:677:12)\n    at HTTPParser.parserOnHeadersComplete (_http_common.js:109:17)"}
{"message":"Listening on port 3000","level":"info"}
{"level":"error","message":"Could not get the genres.Could not get the genres.","stack":"Error: Could not get the genres.\n    at Object.<anonymous>.router.get (/Users/kerby/workspace/node/node-mosh/demos/ex17-vidly-unit-tests/routes/genres.js:28:9)\n    at newFn (/Users/kerby/workspace/node/node-mosh/demos/ex17-vidly-unit-tests/node_modules/express-async-errors/index.js:16:20)\n    at Layer.handle [as handle_request] (/Users/kerby/workspace/node/node-mosh/demos/ex17-vidly-unit-tests/node_modules/express/lib/router/layer.js:95:5)\n    at next (/Users/kerby/workspace/node/node-mosh/demos/ex17-vidly-unit-tests/node_modules/express/lib/router/route.js:137:13)\n    at Route.dispatch (/Users/kerby/workspace/node/node-mosh/demos/ex17-vidly-unit-tests/node_modules/express/lib/router/route.js:112:3)\n    at newFn (/Users/kerby/workspace/node/node-mosh/demos/ex17-vidly-unit-tests/node_modules/express-async-errors/index.js:16:20)\n    at Layer.handle [as handle_request] (/Users/kerby/workspace/node/node-mosh/demos/ex17-vidly-unit-tests/node_modules/express/lib/router/layer.js:95:5)\n    at /Users/kerby/workspace/node/node-mosh/demos/ex17-vidly-unit-tests/node_modules/express/lib/router/index.js:281:22\n    at Function.process_params (/Users/kerby/workspace/node/node-mosh/demos/ex17-vidly-unit-tests/node_modules/express/lib/router/index.js:335:12)\n    at next (/Users/kerby/workspace/node/node-mosh/demos/ex17-vidly-unit-tests/node_modules/express/lib/router/index.js:275:10)\n    at Function.handle (/Users/kerby/workspace/node/node-mosh/demos/ex17-vidly-unit-tests/node_modules/express/lib/router/index.js:174:3)\n    at router (/Users/kerby/workspace/node/node-mosh/demos/ex17-vidly-unit-tests/node_modules/express/lib/router/index.js:47:12)\n    at newFn (/Users/kerby/workspace/node/node-mosh/demos/ex17-vidly-unit-tests/node_modules/express-async-errors/index.js:16:20)\n    at Layer.handle [as handle_request] (/Users/kerby/workspace/node/node-mosh/demos/ex17-vidly-unit-tests/node_modules/express/lib/router/layer.js:95:5)\n    at trim_prefix (/Users/kerby/workspace/node/node-mosh/demos/ex17-vidly-unit-tests/node_modules/express/lib/router/index.js:317:13)\n    at /Users/kerby/workspace/node/node-mosh/demos/ex17-vidly-unit-tests/node_modules/express/lib/router/index.js:284:7\n    at Function.process_params (/Users/kerby/workspace/node/node-mosh/demos/ex17-vidly-unit-tests/node_modules/express/lib/router/index.js:335:12)\n    at next (/Users/kerby/workspace/node/node-mosh/demos/ex17-vidly-unit-tests/node_modules/express/lib/router/index.js:275:10)\n    at jsonParser (/Users/kerby/workspace/node/node-mosh/demos/ex17-vidly-unit-tests/node_modules/body-parser/lib/types/json.js:110:7)\n    at newFn (/Users/kerby/workspace/node/node-mosh/demos/ex17-vidly-unit-tests/node_modules/express-async-errors/index.js:16:20)\n    at Layer.handle [as handle_request] (/Users/kerby/workspace/node/node-mosh/demos/ex17-vidly-unit-tests/node_modules/express/lib/router/layer.js:95:5)\n    at trim_prefix (/Users/kerby/workspace/node/node-mosh/demos/ex17-vidly-unit-tests/node_modules/express/lib/router/index.js:317:13)\n    at /Users/kerby/workspace/node/node-mosh/demos/ex17-vidly-unit-tests/node_modules/express/lib/router/index.js:284:7\n    at Function.process_params (/Users/kerby/workspace/node/node-mosh/demos/ex17-vidly-unit-tests/node_modules/express/lib/router/index.js:335:12)\n    at next (/Users/kerby/workspace/node/node-mosh/demos/ex17-vidly-unit-tests/node_modules/express/lib/router/index.js:275:10)\n    at expressInit (/Users/kerby/workspace/node/node-mosh/demos/ex17-vidly-unit-tests/node_modules/express/lib/middleware/init.js:40:5)\n    at newFn (/Users/kerby/workspace/node/node-mosh/demos/ex17-vidly-unit-tests/node_modules/express-async-errors/index.js:16:20)\n    at Layer.handle [as handle_request] (/Users/kerby/workspace/node/node-mosh/demos/ex17-vidly-unit-tests/node_modules/express/lib/router/layer.js:95:5)\n    at trim_prefix (/Users/kerby/workspace/node/node-mosh/demos/ex17-vidly-unit-tests/node_modules/express/lib/router/index.js:317:13)\n    at /Users/kerby/workspace/node/node-mosh/demos/ex17-vidly-unit-tests/node_modules/express/lib/router/index.js:284:7\n    at Function.process_params (/Users/kerby/workspace/node/node-mosh/demos/ex17-vidly-unit-tests/node_modules/express/lib/router/index.js:335:12)\n    at next (/Users/kerby/workspace/node/node-mosh/demos/ex17-vidly-unit-tests/node_modules/express/lib/router/index.js:275:10)\n    at query (/Users/kerby/workspace/node/node-mosh/demos/ex17-vidly-unit-tests/node_modules/express/lib/middleware/query.js:45:5)\n    at newFn (/Users/kerby/workspace/node/node-mosh/demos/ex17-vidly-unit-tests/node_modules/express-async-errors/index.js:16:20)\n    at Layer.handle [as handle_request] (/Users/kerby/workspace/node/node-mosh/demos/ex17-vidly-unit-tests/node_modules/express/lib/router/layer.js:95:5)\n    at trim_prefix (/Users/kerby/workspace/node/node-mosh/demos/ex17-vidly-unit-tests/node_modules/express/lib/router/index.js:317:13)\n    at /Users/kerby/workspace/node/node-mosh/demos/ex17-vidly-unit-tests/node_modules/express/lib/router/index.js:284:7\n    at Function.process_params (/Users/kerby/workspace/node/node-mosh/demos/ex17-vidly-unit-tests/node_modules/express/lib/router/index.js:335:12)\n    at next (/Users/kerby/workspace/node/node-mosh/demos/ex17-vidly-unit-tests/node_modules/express/lib/router/index.js:275:10)\n    at Function.handle (/Users/kerby/workspace/node/node-mosh/demos/ex17-vidly-unit-tests/node_modules/express/lib/router/index.js:174:3)\n    at Function.handle (/Users/kerby/workspace/node/node-mosh/demos/ex17-vidly-unit-tests/node_modules/express/lib/application.js:174:10)\n    at Server.app (/Users/kerby/workspace/node/node-mosh/demos/ex17-vidly-unit-tests/node_modules/express/lib/express.js:39:9)\n    at Server.emit (events.js:198:13)\n    at parserOnIncoming (_http_server.js:677:12)\n    at HTTPParser.parserOnHeadersComplete (_http_common.js:109:17)"}
{"message":"Listening on port 3000","level":"info"}
{"level":"error","message":"Could not get the genres.Could not get the genres.","stack":"Error: Could not get the genres.\n    at Object.<anonymous>.router.get (/Users/kerby/workspace/node/node-mosh/demos/ex17-vidly-unit-tests/routes/genres.js:28:9)\n    at newFn (/Users/kerby/workspace/node/node-mosh/demos/ex17-vidly-unit-tests/node_modules/express-async-errors/index.js:16:20)\n    at Layer.handle [as handle_request] (/Users/kerby/workspace/node/node-mosh/demos/ex17-vidly-unit-tests/node_modules/express/lib/router/layer.js:95:5)\n    at next (/Users/kerby/workspace/node/node-mosh/demos/ex17-vidly-unit-tests/node_modules/express/lib/router/route.js:137:13)\n    at Route.dispatch (/Users/kerby/workspace/node/node-mosh/demos/ex17-vidly-unit-tests/node_modules/express/lib/router/route.js:112:3)\n    at newFn (/Users/kerby/workspace/node/node-mosh/demos/ex17-vidly-unit-tests/node_modules/express-async-errors/index.js:16:20)\n    at Layer.handle [as handle_request] (/Users/kerby/workspace/node/node-mosh/demos/ex17-vidly-unit-tests/node_modules/express/lib/router/layer.js:95:5)\n    at /Users/kerby/workspace/node/node-mosh/demos/ex17-vidly-unit-tests/node_modules/express/lib/router/index.js:281:22\n    at Function.process_params (/Users/kerby/workspace/node/node-mosh/demos/ex17-vidly-unit-tests/node_modules/express/lib/router/index.js:335:12)\n    at next (/Users/kerby/workspace/node/node-mosh/demos/ex17-vidly-unit-tests/node_modules/express/lib/router/index.js:275:10)\n    at Function.handle (/Users/kerby/workspace/node/node-mosh/demos/ex17-vidly-unit-tests/node_modules/express/lib/router/index.js:174:3)\n    at router (/Users/kerby/workspace/node/node-mosh/demos/ex17-vidly-unit-tests/node_modules/express/lib/router/index.js:47:12)\n    at newFn (/Users/kerby/workspace/node/node-mosh/demos/ex17-vidly-unit-tests/node_modules/express-async-errors/index.js:16:20)\n    at Layer.handle [as handle_request] (/Users/kerby/workspace/node/node-mosh/demos/ex17-vidly-unit-tests/node_modules/express/lib/router/layer.js:95:5)\n    at trim_prefix (/Users/kerby/workspace/node/node-mosh/demos/ex17-vidly-unit-tests/node_modules/express/lib/router/index.js:317:13)\n    at /Users/kerby/workspace/node/node-mosh/demos/ex17-vidly-unit-tests/node_modules/express/lib/router/index.js:284:7\n    at Function.process_params (/Users/kerby/workspace/node/node-mosh/demos/ex17-vidly-unit-tests/node_modules/express/lib/router/index.js:335:12)\n    at next (/Users/kerby/workspace/node/node-mosh/demos/ex17-vidly-unit-tests/node_modules/express/lib/router/index.js:275:10)\n    at jsonParser (/Users/kerby/workspace/node/node-mosh/demos/ex17-vidly-unit-tests/node_modules/body-parser/lib/types/json.js:110:7)\n    at newFn (/Users/kerby/workspace/node/node-mosh/demos/ex17-vidly-unit-tests/node_modules/express-async-errors/index.js:16:20)\n    at Layer.handle [as handle_request] (/Users/kerby/workspace/node/node-mosh/demos/ex17-vidly-unit-tests/node_modules/express/lib/router/layer.js:95:5)\n    at trim_prefix (/Users/kerby/workspace/node/node-mosh/demos/ex17-vidly-unit-tests/node_modules/express/lib/router/index.js:317:13)\n    at /Users/kerby/workspace/node/node-mosh/demos/ex17-vidly-unit-tests/node_modules/express/lib/router/index.js:284:7\n    at Function.process_params (/Users/kerby/workspace/node/node-mosh/demos/ex17-vidly-unit-tests/node_modules/express/lib/router/index.js:335:12)\n    at next (/Users/kerby/workspace/node/node-mosh/demos/ex17-vidly-unit-tests/node_modules/express/lib/router/index.js:275:10)\n    at expressInit (/Users/kerby/workspace/node/node-mosh/demos/ex17-vidly-unit-tests/node_modules/express/lib/middleware/init.js:40:5)\n    at newFn (/Users/kerby/workspace/node/node-mosh/demos/ex17-vidly-unit-tests/node_modules/express-async-errors/index.js:16:20)\n    at Layer.handle [as handle_request] (/Users/kerby/workspace/node/node-mosh/demos/ex17-vidly-unit-tests/node_modules/express/lib/router/layer.js:95:5)\n    at trim_prefix (/Users/kerby/workspace/node/node-mosh/demos/ex17-vidly-unit-tests/node_modules/express/lib/router/index.js:317:13)\n    at /Users/kerby/workspace/node/node-mosh/demos/ex17-vidly-unit-tests/node_modules/express/lib/router/index.js:284:7\n    at Function.process_params (/Users/kerby/workspace/node/node-mosh/demos/ex17-vidly-unit-tests/node_modules/express/lib/router/index.js:335:12)\n    at next (/Users/kerby/workspace/node/node-mosh/demos/ex17-vidly-unit-tests/node_modules/express/lib/router/index.js:275:10)\n    at query (/Users/kerby/workspace/node/node-mosh/demos/ex17-vidly-unit-tests/node_modules/express/lib/middleware/query.js:45:5)\n    at newFn (/Users/kerby/workspace/node/node-mosh/demos/ex17-vidly-unit-tests/node_modules/express-async-errors/index.js:16:20)\n    at Layer.handle [as handle_request] (/Users/kerby/workspace/node/node-mosh/demos/ex17-vidly-unit-tests/node_modules/express/lib/router/layer.js:95:5)\n    at trim_prefix (/Users/kerby/workspace/node/node-mosh/demos/ex17-vidly-unit-tests/node_modules/express/lib/router/index.js:317:13)\n    at /Users/kerby/workspace/node/node-mosh/demos/ex17-vidly-unit-tests/node_modules/express/lib/router/index.js:284:7\n    at Function.process_params (/Users/kerby/workspace/node/node-mosh/demos/ex17-vidly-unit-tests/node_modules/express/lib/router/index.js:335:12)\n    at next (/Users/kerby/workspace/node/node-mosh/demos/ex17-vidly-unit-tests/node_modules/express/lib/router/index.js:275:10)\n    at Function.handle (/Users/kerby/workspace/node/node-mosh/demos/ex17-vidly-unit-tests/node_modules/express/lib/router/index.js:174:3)\n    at Function.handle (/Users/kerby/workspace/node/node-mosh/demos/ex17-vidly-unit-tests/node_modules/express/lib/application.js:174:10)\n    at Server.app (/Users/kerby/workspace/node/node-mosh/demos/ex17-vidly-unit-tests/node_modules/express/lib/express.js:39:9)\n    at Server.emit (events.js:198:13)\n    at parserOnIncoming (_http_server.js:677:12)\n    at HTTPParser.parserOnHeadersComplete (_http_common.js:109:17)"}
{"message":"Listening on port 3000","level":"info"}
{"message":"Connected to mongodb://localhost/vidly_tests...","level":"info"}
{"level":"error","message":"Could not get the genres.Could not get the genres.","stack":"Error: Could not get the genres.\n    at router.get (/Users/kerby/workspace/node/node-mosh/demos/ex17-vidly-unit-tests/routes/genres.js:28:9)\n    at newFn (/Users/kerby/workspace/node/node-mosh/demos/ex17-vidly-unit-tests/node_modules/express-async-errors/index.js:16:20)\n    at Layer.handle [as handle_request] (/Users/kerby/workspace/node/node-mosh/demos/ex17-vidly-unit-tests/node_modules/express/lib/router/layer.js:95:5)\n    at next (/Users/kerby/workspace/node/node-mosh/demos/ex17-vidly-unit-tests/node_modules/express/lib/router/route.js:137:13)\n    at Route.dispatch (/Users/kerby/workspace/node/node-mosh/demos/ex17-vidly-unit-tests/node_modules/express/lib/router/route.js:112:3)\n    at newFn (/Users/kerby/workspace/node/node-mosh/demos/ex17-vidly-unit-tests/node_modules/express-async-errors/index.js:16:20)\n    at Layer.handle [as handle_request] (/Users/kerby/workspace/node/node-mosh/demos/ex17-vidly-unit-tests/node_modules/express/lib/router/layer.js:95:5)\n    at /Users/kerby/workspace/node/node-mosh/demos/ex17-vidly-unit-tests/node_modules/express/lib/router/index.js:281:22\n    at Function.process_params (/Users/kerby/workspace/node/node-mosh/demos/ex17-vidly-unit-tests/node_modules/express/lib/router/index.js:335:12)\n    at next (/Users/kerby/workspace/node/node-mosh/demos/ex17-vidly-unit-tests/node_modules/express/lib/router/index.js:275:10)\n    at Function.handle (/Users/kerby/workspace/node/node-mosh/demos/ex17-vidly-unit-tests/node_modules/express/lib/router/index.js:174:3)\n    at router (/Users/kerby/workspace/node/node-mosh/demos/ex17-vidly-unit-tests/node_modules/express/lib/router/index.js:47:12)\n    at newFn (/Users/kerby/workspace/node/node-mosh/demos/ex17-vidly-unit-tests/node_modules/express-async-errors/index.js:16:20)\n    at Layer.handle [as handle_request] (/Users/kerby/workspace/node/node-mosh/demos/ex17-vidly-unit-tests/node_modules/express/lib/router/layer.js:95:5)\n    at trim_prefix (/Users/kerby/workspace/node/node-mosh/demos/ex17-vidly-unit-tests/node_modules/express/lib/router/index.js:317:13)\n    at /Users/kerby/workspace/node/node-mosh/demos/ex17-vidly-unit-tests/node_modules/express/lib/router/index.js:284:7"}
{"message":"Listening on port 3000","level":"info"}
{"message":"Connected to mongodb://localhost/vidly_tests...","level":"info"}
{"message":"Listening on port 3000","level":"info"}
{"message":"Listening on port 3000","level":"info"}
{"message":"Connected to mongodb://localhost/vidly_tests...","level":"info"}
{"message":"Listening on port 3000","level":"info"}
{"message":"Connected to mongodb://localhost/vidly_tests...","level":"info"}
{"message":"Listening on port 3000","level":"info"}
{"message":"Connected to mongodb://localhost/vidly_tests...","level":"info"}
{"message":"Listening on port 3000","level":"info"}
{"message":"Connected to mongodb://localhost/vidly_tests...","level":"info"}
{"message":"Listening on port 3000","level":"info"}
{"message":"Connected to mongodb://localhost/vidly_tests...","level":"info"}
{"message":"Listening on port 3000","level":"info"}
{"message":"Connected to mongodb://localhost/vidly_tests...","level":"info"}
{"message":"Listening on port 3000","level":"info"}
{"message":"Connected to mongodb://localhost/vidly_tests...","level":"info"}
{"message":"Listening on port 3000","level":"info"}
{"message":"Connected to mongodb://localhost/vidly_tests...","level":"info"}
{"message":"Listening on port 3000","level":"info"}
{"message":"Connected to mongodb://localhost/vidly_tests...","level":"info"}
{"message":"Listening on port 3000","level":"info"}
{"message":"Connected to mongodb://localhost/vidly_tests...","level":"info"}
{"message":"Listening on port 3000","level":"info"}
{"message":"Connected to mongodb://localhost/vidly_tests...","level":"info"}
{"message":"Listening on port 3000","level":"info"}
{"message":"Connected to mongodb://localhost/vidly_tests...","level":"info"}
{"message":"Listening on port 3000","level":"info"}
{"message":"Connected to mongodb://localhost/vidly_tests...","level":"info"}
{"message":"Listening on port 3000","level":"info"}
{"message":"Connected to mongodb://localhost/vidly_tests...","level":"info"}
{"message":"Listening on port 3000","level":"info"}
{"message":"Connected to mongodb://localhost/vidly_tests...","level":"info"}
{"message":"Listening on port 3000","level":"info"}
{"message":"Connected to mongodb://localhost/vidly_tests...","level":"info"}
{"message":"Listening on port 3000","level":"info"}
{"message":"Connected to mongodb://localhost/vidly_tests...","level":"info"}
{"message":"Listening on port 3000","level":"info"}
{"message":"Connected to mongodb://localhost/vidly_tests...","level":"info"}
{"message":"Listening on port 3000","level":"info"}
{"message":"Connected to mongodb://localhost/vidly_tests...","level":"info"}
{"message":"Listening on port 3000","level":"info"}
{"message":"Connected to mongodb://localhost/vidly_tests...","level":"info"}
{"message":"Listening on port 3000","level":"info"}
{"message":"Connected to mongodb://localhost/vidly_tests...","level":"info"}
{"message":"Listening on port 3000","level":"info"}
{"message":"Connected to mongodb://localhost/vidly_tests...","level":"info"}
{"message":"Listening on port 3000","level":"info"}
{"message":"Connected to mongodb://localhost/vidly_tests...","level":"info"}
{"message":"Listening on port 3000","level":"info"}
{"message":"Connected to mongodb://localhost/vidly_tests...","level":"info"}
{"message":"Listening on port 3000","level":"info"}
{"message":"Connected to mongodb://localhost/vidly_tests...","level":"info"}
{"message":"Cast to ObjectId failed for value \"1\" at path \"_id\" for model \"genres\"Cast to ObjectId failed for value \"1\" at path \"_id\" for model \"genres\"","name":"CastError","stringValue":"\"1\"","kind":"ObjectId","value":"1","path":"_id","level":"error","stack":"CastError: Cast to ObjectId failed for value \"1\" at path \"_id\" for model \"genres\"\n    at new CastError (/Users/kerby/workspace/node/node-mosh/demos/ex17-vidly-unit-tests/node_modules/mongoose/lib/error/cast.js:29:11)\n    at ObjectId.Object.<anonymous>.ObjectId.cast (/Users/kerby/workspace/node/node-mosh/demos/ex17-vidly-unit-tests/node_modules/mongoose/lib/schema/objectid.js:244:11)\n    at ObjectId.Object.<anonymous>.SchemaType.applySetters (/Users/kerby/workspace/node/node-mosh/demos/ex17-vidly-unit-tests/node_modules/mongoose/lib/schematype.js:948:12)\n    at ObjectId.Object.<anonymous>.SchemaType._castForQuery (/Users/kerby/workspace/node/node-mosh/demos/ex17-vidly-unit-tests/node_modules/mongoose/lib/schematype.js:1362:15)\n    at ObjectId.Object.<anonymous>.SchemaType.castForQuery (/Users/kerby/workspace/node/node-mosh/demos/ex17-vidly-unit-tests/node_modules/mongoose/lib/schematype.js:1352:15)\n    at ObjectId.Object.<anonymous>.SchemaType.castForQueryWrapper (/Users/kerby/workspace/node/node-mosh/demos/ex17-vidly-unit-tests/node_modules/mongoose/lib/schematype.js:1331:15)\n    at cast (/Users/kerby/workspace/node/node-mosh/demos/ex17-vidly-unit-tests/node_modules/mongoose/lib/cast.js:307:32)\n    at model.Query.Object.<anonymous>.Query.cast (/Users/kerby/workspace/node/node-mosh/demos/ex17-vidly-unit-tests/node_modules/mongoose/lib/query.js:4638:12)\n    at model.Query.Object.<anonymous>.Query._castConditions (/Users/kerby/workspace/node/node-mosh/demos/ex17-vidly-unit-tests/node_modules/mongoose/lib/query.js:1834:10)\n    at model.Query.<anonymous> (/Users/kerby/workspace/node/node-mosh/demos/ex17-vidly-unit-tests/node_modules/mongoose/lib/query.js:2089:8)\n    at model.Query._wrappedThunk [as _findOne] (/Users/kerby/workspace/node/node-mosh/demos/ex17-vidly-unit-tests/node_modules/mongoose/lib/helpers/query/wrapThunk.js:16:8)\n    at process.nextTick (/Users/kerby/workspace/node/node-mosh/demos/ex17-vidly-unit-tests/node_modules/mongoose/node_modules/kareem/index.js:369:33)\n    at process._tickCallback (internal/process/next_tick.js:61:11)"}
{"message":"Listening on port 3000","level":"info"}
{"message":"Connected to mongodb://localhost/vidly_tests...","level":"info"}
{"message":"Cast to ObjectId failed for value \"1\" at path \"_id\" for model \"genres\"Cast to ObjectId failed for value \"1\" at path \"_id\" for model \"genres\"","name":"CastError","stringValue":"\"1\"","kind":"ObjectId","value":"1","path":"_id","level":"error","stack":"CastError: Cast to ObjectId failed for value \"1\" at path \"_id\" for model \"genres\"\n    at new CastError (/Users/kerby/workspace/node/node-mosh/demos/ex17-vidly-unit-tests/node_modules/mongoose/lib/error/cast.js:29:11)\n    at ObjectId.Object.<anonymous>.ObjectId.cast (/Users/kerby/workspace/node/node-mosh/demos/ex17-vidly-unit-tests/node_modules/mongoose/lib/schema/objectid.js:244:11)\n    at ObjectId.Object.<anonymous>.SchemaType.applySetters (/Users/kerby/workspace/node/node-mosh/demos/ex17-vidly-unit-tests/node_modules/mongoose/lib/schematype.js:948:12)\n    at ObjectId.Object.<anonymous>.SchemaType._castForQuery (/Users/kerby/workspace/node/node-mosh/demos/ex17-vidly-unit-tests/node_modules/mongoose/lib/schematype.js:1362:15)\n    at ObjectId.Object.<anonymous>.SchemaType.castForQuery (/Users/kerby/workspace/node/node-mosh/demos/ex17-vidly-unit-tests/node_modules/mongoose/lib/schematype.js:1352:15)\n    at ObjectId.Object.<anonymous>.SchemaType.castForQueryWrapper (/Users/kerby/workspace/node/node-mosh/demos/ex17-vidly-unit-tests/node_modules/mongoose/lib/schematype.js:1331:15)\n    at cast (/Users/kerby/workspace/node/node-mosh/demos/ex17-vidly-unit-tests/node_modules/mongoose/lib/cast.js:307:32)\n    at model.Query.Object.<anonymous>.Query.cast (/Users/kerby/workspace/node/node-mosh/demos/ex17-vidly-unit-tests/node_modules/mongoose/lib/query.js:4638:12)\n    at model.Query.Object.<anonymous>.Query._castConditions (/Users/kerby/workspace/node/node-mosh/demos/ex17-vidly-unit-tests/node_modules/mongoose/lib/query.js:1834:10)\n    at model.Query.<anonymous> (/Users/kerby/workspace/node/node-mosh/demos/ex17-vidly-unit-tests/node_modules/mongoose/lib/query.js:2089:8)\n    at model.Query._wrappedThunk [as _findOne] (/Users/kerby/workspace/node/node-mosh/demos/ex17-vidly-unit-tests/node_modules/mongoose/lib/helpers/query/wrapThunk.js:16:8)\n    at process.nextTick (/Users/kerby/workspace/node/node-mosh/demos/ex17-vidly-unit-tests/node_modules/mongoose/node_modules/kareem/index.js:369:33)\n    at process._tickCallback (internal/process/next_tick.js:61:11)"}
{"message":"Listening on port 3000","level":"info"}
{"message":"Connected to mongodb://localhost/vidly_tests...","level":"info"}
{"message":"Cast to ObjectId failed for value \"1\" at path \"_id\" for model \"genres\"Cast to ObjectId failed for value \"1\" at path \"_id\" for model \"genres\"","name":"CastError","stringValue":"\"1\"","kind":"ObjectId","value":"1","path":"_id","level":"error","stack":"CastError: Cast to ObjectId failed for value \"1\" at path \"_id\" for model \"genres\"\n    at new CastError (/Users/kerby/workspace/node/node-mosh/demos/ex17-vidly-unit-tests/node_modules/mongoose/lib/error/cast.js:29:11)\n    at ObjectId.Object.<anonymous>.ObjectId.cast (/Users/kerby/workspace/node/node-mosh/demos/ex17-vidly-unit-tests/node_modules/mongoose/lib/schema/objectid.js:244:11)\n    at ObjectId.Object.<anonymous>.SchemaType.applySetters (/Users/kerby/workspace/node/node-mosh/demos/ex17-vidly-unit-tests/node_modules/mongoose/lib/schematype.js:948:12)\n    at ObjectId.Object.<anonymous>.SchemaType._castForQuery (/Users/kerby/workspace/node/node-mosh/demos/ex17-vidly-unit-tests/node_modules/mongoose/lib/schematype.js:1362:15)\n    at ObjectId.Object.<anonymous>.SchemaType.castForQuery (/Users/kerby/workspace/node/node-mosh/demos/ex17-vidly-unit-tests/node_modules/mongoose/lib/schematype.js:1352:15)\n    at ObjectId.Object.<anonymous>.SchemaType.castForQueryWrapper (/Users/kerby/workspace/node/node-mosh/demos/ex17-vidly-unit-tests/node_modules/mongoose/lib/schematype.js:1331:15)\n    at cast (/Users/kerby/workspace/node/node-mosh/demos/ex17-vidly-unit-tests/node_modules/mongoose/lib/cast.js:307:32)\n    at model.Query.Object.<anonymous>.Query.cast (/Users/kerby/workspace/node/node-mosh/demos/ex17-vidly-unit-tests/node_modules/mongoose/lib/query.js:4638:12)\n    at model.Query.Object.<anonymous>.Query._castConditions (/Users/kerby/workspace/node/node-mosh/demos/ex17-vidly-unit-tests/node_modules/mongoose/lib/query.js:1834:10)\n    at model.Query.<anonymous> (/Users/kerby/workspace/node/node-mosh/demos/ex17-vidly-unit-tests/node_modules/mongoose/lib/query.js:2089:8)\n    at model.Query._wrappedThunk [as _findOne] (/Users/kerby/workspace/node/node-mosh/demos/ex17-vidly-unit-tests/node_modules/mongoose/lib/helpers/query/wrapThunk.js:16:8)\n    at process.nextTick (/Users/kerby/workspace/node/node-mosh/demos/ex17-vidly-unit-tests/node_modules/mongoose/node_modules/kareem/index.js:369:33)\n    at process._tickCallback (internal/process/next_tick.js:61:11)"}
{"message":"Listening on port 3000","level":"info"}
{"message":"Connected to mongodb://localhost/vidly_tests...","level":"info"}
{"message":"Listening on port 3000","level":"info"}
{"message":"Connected to mongodb://localhost/vidly_tests...","level":"info"}
{"message":"Listening on port 3000","level":"info"}
{"message":"Connected to mongodb://localhost/vidly_tests...","level":"info"}
{"message":"Listening on port 3000","level":"info"}
{"message":"Connected to mongodb://localhost/vidly_tests...","level":"info"}
{"message":"Listening on port 3000","level":"info"}
{"message":"Connected to mongodb://localhost/vidly_tests...","level":"info"}
{"message":"Listening on port 3000","level":"info"}
{"message":"Connected to mongodb://localhost/vidly_tests...","level":"info"}
{"message":"Cast to ObjectId failed for value \"1\" at path \"_id\" for model \"genres\"Cast to ObjectId failed for value \"1\" at path \"_id\" for model \"genres\"","name":"CastError","stringValue":"\"1\"","kind":"ObjectId","value":"1","path":"_id","level":"error","stack":"CastError: Cast to ObjectId failed for value \"1\" at path \"_id\" for model \"genres\"\n    at new CastError (/Users/kerby/workspace/node/node-mosh/demos/ex17-vidly-unit-tests/node_modules/mongoose/lib/error/cast.js:29:11)\n    at ObjectId.Object.<anonymous>.ObjectId.cast (/Users/kerby/workspace/node/node-mosh/demos/ex17-vidly-unit-tests/node_modules/mongoose/lib/schema/objectid.js:244:11)\n    at ObjectId.Object.<anonymous>.SchemaType.applySetters (/Users/kerby/workspace/node/node-mosh/demos/ex17-vidly-unit-tests/node_modules/mongoose/lib/schematype.js:948:12)\n    at ObjectId.Object.<anonymous>.SchemaType._castForQuery (/Users/kerby/workspace/node/node-mosh/demos/ex17-vidly-unit-tests/node_modules/mongoose/lib/schematype.js:1362:15)\n    at ObjectId.Object.<anonymous>.SchemaType.castForQuery (/Users/kerby/workspace/node/node-mosh/demos/ex17-vidly-unit-tests/node_modules/mongoose/lib/schematype.js:1352:15)\n    at ObjectId.Object.<anonymous>.SchemaType.castForQueryWrapper (/Users/kerby/workspace/node/node-mosh/demos/ex17-vidly-unit-tests/node_modules/mongoose/lib/schematype.js:1331:15)\n    at cast (/Users/kerby/workspace/node/node-mosh/demos/ex17-vidly-unit-tests/node_modules/mongoose/lib/cast.js:307:32)\n    at model.Query.Object.<anonymous>.Query.cast (/Users/kerby/workspace/node/node-mosh/demos/ex17-vidly-unit-tests/node_modules/mongoose/lib/query.js:4638:12)\n    at model.Query.Object.<anonymous>.Query._castConditions (/Users/kerby/workspace/node/node-mosh/demos/ex17-vidly-unit-tests/node_modules/mongoose/lib/query.js:1834:10)\n    at model.Query.<anonymous> (/Users/kerby/workspace/node/node-mosh/demos/ex17-vidly-unit-tests/node_modules/mongoose/lib/query.js:2089:8)\n    at model.Query._wrappedThunk [as _findOne] (/Users/kerby/workspace/node/node-mosh/demos/ex17-vidly-unit-tests/node_modules/mongoose/lib/helpers/query/wrapThunk.js:16:8)\n    at process.nextTick (/Users/kerby/workspace/node/node-mosh/demos/ex17-vidly-unit-tests/node_modules/mongoose/node_modules/kareem/index.js:369:33)\n    at process._tickCallback (internal/process/next_tick.js:61:11)"}
{"message":"Listening on port 3000","level":"info"}
{"message":"Connected to mongodb://localhost/vidly_tests...","level":"info"}
{"message":"Cast to ObjectId failed for value \"1\" at path \"_id\" for model \"genres\"Cast to ObjectId failed for value \"1\" at path \"_id\" for model \"genres\"","name":"CastError","stringValue":"\"1\"","kind":"ObjectId","value":"1","path":"_id","level":"error","stack":"CastError: Cast to ObjectId failed for value \"1\" at path \"_id\" for model \"genres\"\n    at new CastError (/Users/kerby/workspace/node/node-mosh/demos/ex17-vidly-unit-tests/node_modules/mongoose/lib/error/cast.js:29:11)\n    at ObjectId.Object.<anonymous>.ObjectId.cast (/Users/kerby/workspace/node/node-mosh/demos/ex17-vidly-unit-tests/node_modules/mongoose/lib/schema/objectid.js:244:11)\n    at ObjectId.Object.<anonymous>.SchemaType.applySetters (/Users/kerby/workspace/node/node-mosh/demos/ex17-vidly-unit-tests/node_modules/mongoose/lib/schematype.js:948:12)\n    at ObjectId.Object.<anonymous>.SchemaType._castForQuery (/Users/kerby/workspace/node/node-mosh/demos/ex17-vidly-unit-tests/node_modules/mongoose/lib/schematype.js:1362:15)\n    at ObjectId.Object.<anonymous>.SchemaType.castForQuery (/Users/kerby/workspace/node/node-mosh/demos/ex17-vidly-unit-tests/node_modules/mongoose/lib/schematype.js:1352:15)\n    at ObjectId.Object.<anonymous>.SchemaType.castForQueryWrapper (/Users/kerby/workspace/node/node-mosh/demos/ex17-vidly-unit-tests/node_modules/mongoose/lib/schematype.js:1331:15)\n    at cast (/Users/kerby/workspace/node/node-mosh/demos/ex17-vidly-unit-tests/node_modules/mongoose/lib/cast.js:307:32)\n    at model.Query.Object.<anonymous>.Query.cast (/Users/kerby/workspace/node/node-mosh/demos/ex17-vidly-unit-tests/node_modules/mongoose/lib/query.js:4638:12)\n    at model.Query.Object.<anonymous>.Query._castConditions (/Users/kerby/workspace/node/node-mosh/demos/ex17-vidly-unit-tests/node_modules/mongoose/lib/query.js:1834:10)\n    at model.Query.<anonymous> (/Users/kerby/workspace/node/node-mosh/demos/ex17-vidly-unit-tests/node_modules/mongoose/lib/query.js:2089:8)\n    at model.Query._wrappedThunk [as _findOne] (/Users/kerby/workspace/node/node-mosh/demos/ex17-vidly-unit-tests/node_modules/mongoose/lib/helpers/query/wrapThunk.js:16:8)\n    at process.nextTick (/Users/kerby/workspace/node/node-mosh/demos/ex17-vidly-unit-tests/node_modules/mongoose/node_modules/kareem/index.js:369:33)\n    at process._tickCallback (internal/process/next_tick.js:61:11)"}
{"message":"Listening on port 3000","level":"info"}
{"message":"Connected to mongodb://localhost/vidly_tests...","level":"info"}
{"message":"Listening on port 3000","level":"info"}
{"message":"Connected to mongodb://localhost/vidly_tests...","level":"info"}
{"message":"Listening on port 3000","level":"info"}
{"message":"Connected to mongodb://localhost/vidly_tests...","level":"info"}
{"message":"Listening on port 3000","level":"info"}
{"message":"Connected to mongodb://localhost/vidly_tests...","level":"info"}
{"message":"Listening on port 3000","level":"info"}
{"message":"Connected to mongodb://localhost/vidly_tests...","level":"info"}
{"message":"Listening on port 3000","level":"info"}
{"message":"Connected to mongodb://localhost/vidly_tests...","level":"info"}
{"message":"Listening on port 3000","level":"info"}
{"message":"Connected to mongodb://localhost/vidly_tests...","level":"info"}
{"errors":{"name":{"message":"Path `name` (`aaaaaaaaaaaaaaaaaaaaaaaaaaaaaaaaaaaaaaaaaaaaaaaaaaa`) is longer than the maximum allowed length (50).","name":"ValidatorError","properties":{"message":"Path `name` (`aaaaaaaaaaaaaaaaaaaaaaaaaaaaaaaaaaaaaaaaaaaaaaaaaaa`) is longer than the maximum allowed length (50).","type":"maxlength","maxlength":50,"path":"name","value":"aaaaaaaaaaaaaaaaaaaaaaaaaaaaaaaaaaaaaaaaaaaaaaaaaaa"},"kind":"maxlength","path":"name","value":"aaaaaaaaaaaaaaaaaaaaaaaaaaaaaaaaaaaaaaaaaaaaaaaaaaa"}},"_message":"genres validation failed","message":"genres validation failed: name: Path `name` (`aaaaaaaaaaaaaaaaaaaaaaaaaaaaaaaaaaaaaaaaaaaaaaaaaaa`) is longer than the maximum allowed length (50).genres validation failed: name: Path `name` (`aaaaaaaaaaaaaaaaaaaaaaaaaaaaaaaaaaaaaaaaaaaaaaaaaaa`) is longer than the maximum allowed length (50).","name":"ValidationError","level":"error","stack":"ValidationError: genres validation failed: name: Path `name` (`aaaaaaaaaaaaaaaaaaaaaaaaaaaaaaaaaaaaaaaaaaaaaaaaaaa`) is longer than the maximum allowed length (50).\n    at new ValidationError (/Users/kerby/workspace/node/node-mosh/demos/ex17-vidly-unit-tests/node_modules/mongoose/lib/error/validation.js:30:11)\n    at model.Object.<anonymous>.Document.invalidate (/Users/kerby/workspace/node/node-mosh/demos/ex17-vidly-unit-tests/node_modules/mongoose/lib/document.js:2334:32)\n    at p.doValidate.skipSchemaValidators (/Users/kerby/workspace/node/node-mosh/demos/ex17-vidly-unit-tests/node_modules/mongoose/lib/document.js:2183:17)\n    at /Users/kerby/workspace/node/node-mosh/demos/ex17-vidly-unit-tests/node_modules/mongoose/lib/schematype.js:1037:9\n    at process._tickCallback (internal/process/next_tick.js:61:11)"}
{"message":"Listening on port 3000","level":"info"}
{"message":"Connected to mongodb://localhost/vidly_tests...","level":"info"}
{"errors":{"name":{"message":"Path `name` (`aaaaaaaaaaaaaaaaaaaaaaaaaaaaaaaaaaaaaaaaaaaaaaaaaaa`) is longer than the maximum allowed length (50).","name":"ValidatorError","properties":{"message":"Path `name` (`aaaaaaaaaaaaaaaaaaaaaaaaaaaaaaaaaaaaaaaaaaaaaaaaaaa`) is longer than the maximum allowed length (50).","type":"maxlength","maxlength":50,"path":"name","value":"aaaaaaaaaaaaaaaaaaaaaaaaaaaaaaaaaaaaaaaaaaaaaaaaaaa"},"kind":"maxlength","path":"name","value":"aaaaaaaaaaaaaaaaaaaaaaaaaaaaaaaaaaaaaaaaaaaaaaaaaaa"}},"_message":"genres validation failed","message":"genres validation failed: name: Path `name` (`aaaaaaaaaaaaaaaaaaaaaaaaaaaaaaaaaaaaaaaaaaaaaaaaaaa`) is longer than the maximum allowed length (50).genres validation failed: name: Path `name` (`aaaaaaaaaaaaaaaaaaaaaaaaaaaaaaaaaaaaaaaaaaaaaaaaaaa`) is longer than the maximum allowed length (50).","name":"ValidationError","level":"error","stack":"ValidationError: genres validation failed: name: Path `name` (`aaaaaaaaaaaaaaaaaaaaaaaaaaaaaaaaaaaaaaaaaaaaaaaaaaa`) is longer than the maximum allowed length (50).\n    at new ValidationError (/Users/kerby/workspace/node/node-mosh/demos/ex17-vidly-unit-tests/node_modules/mongoose/lib/error/validation.js:30:11)\n    at model.Object.<anonymous>.Document.invalidate (/Users/kerby/workspace/node/node-mosh/demos/ex17-vidly-unit-tests/node_modules/mongoose/lib/document.js:2334:32)\n    at p.doValidate.skipSchemaValidators (/Users/kerby/workspace/node/node-mosh/demos/ex17-vidly-unit-tests/node_modules/mongoose/lib/document.js:2183:17)\n    at /Users/kerby/workspace/node/node-mosh/demos/ex17-vidly-unit-tests/node_modules/mongoose/lib/schematype.js:1037:9\n    at process._tickCallback (internal/process/next_tick.js:61:11)"}
{"message":"Listening on port 3000","level":"info"}
{"message":"Connected to mongodb://localhost/vidly_tests...","level":"info"}
{"errors":{"name":{"message":"Path `name` (`aaaaaaaaaaaaaaaaaaaaaaaaaaaaaaaaaaaaaaaaaaaaaaaaaaa`) is longer than the maximum allowed length (50).","name":"ValidatorError","properties":{"message":"Path `name` (`aaaaaaaaaaaaaaaaaaaaaaaaaaaaaaaaaaaaaaaaaaaaaaaaaaa`) is longer than the maximum allowed length (50).","type":"maxlength","maxlength":50,"path":"name","value":"aaaaaaaaaaaaaaaaaaaaaaaaaaaaaaaaaaaaaaaaaaaaaaaaaaa"},"kind":"maxlength","path":"name","value":"aaaaaaaaaaaaaaaaaaaaaaaaaaaaaaaaaaaaaaaaaaaaaaaaaaa"}},"_message":"genres validation failed","message":"genres validation failed: name: Path `name` (`aaaaaaaaaaaaaaaaaaaaaaaaaaaaaaaaaaaaaaaaaaaaaaaaaaa`) is longer than the maximum allowed length (50).genres validation failed: name: Path `name` (`aaaaaaaaaaaaaaaaaaaaaaaaaaaaaaaaaaaaaaaaaaaaaaaaaaa`) is longer than the maximum allowed length (50).","name":"ValidationError","level":"error","stack":"ValidationError: genres validation failed: name: Path `name` (`aaaaaaaaaaaaaaaaaaaaaaaaaaaaaaaaaaaaaaaaaaaaaaaaaaa`) is longer than the maximum allowed length (50).\n    at new ValidationError (/Users/kerby/workspace/node/node-mosh/demos/ex17-vidly-unit-tests/node_modules/mongoose/lib/error/validation.js:30:11)\n    at model.Object.<anonymous>.Document.invalidate (/Users/kerby/workspace/node/node-mosh/demos/ex17-vidly-unit-tests/node_modules/mongoose/lib/document.js:2334:32)\n    at p.doValidate.skipSchemaValidators (/Users/kerby/workspace/node/node-mosh/demos/ex17-vidly-unit-tests/node_modules/mongoose/lib/document.js:2183:17)\n    at /Users/kerby/workspace/node/node-mosh/demos/ex17-vidly-unit-tests/node_modules/mongoose/lib/schematype.js:1037:9\n    at process._tickCallback (internal/process/next_tick.js:61:11)"}
{"message":"Listening on port 3000","level":"info"}
{"message":"Connected to mongodb://localhost/vidly_tests...","level":"info"}
{"errors":{"name":{"message":"Path `name` (`aaaaaaaaaaaaaaaaaaaaaaaaaaaaaaaaaaaaaaaaaaaaaaaaaaa`) is longer than the maximum allowed length (50).","name":"ValidatorError","properties":{"message":"Path `name` (`aaaaaaaaaaaaaaaaaaaaaaaaaaaaaaaaaaaaaaaaaaaaaaaaaaa`) is longer than the maximum allowed length (50).","type":"maxlength","maxlength":50,"path":"name","value":"aaaaaaaaaaaaaaaaaaaaaaaaaaaaaaaaaaaaaaaaaaaaaaaaaaa"},"kind":"maxlength","path":"name","value":"aaaaaaaaaaaaaaaaaaaaaaaaaaaaaaaaaaaaaaaaaaaaaaaaaaa"}},"_message":"genres validation failed","message":"genres validation failed: name: Path `name` (`aaaaaaaaaaaaaaaaaaaaaaaaaaaaaaaaaaaaaaaaaaaaaaaaaaa`) is longer than the maximum allowed length (50).genres validation failed: name: Path `name` (`aaaaaaaaaaaaaaaaaaaaaaaaaaaaaaaaaaaaaaaaaaaaaaaaaaa`) is longer than the maximum allowed length (50).","name":"ValidationError","level":"error","stack":"ValidationError: genres validation failed: name: Path `name` (`aaaaaaaaaaaaaaaaaaaaaaaaaaaaaaaaaaaaaaaaaaaaaaaaaaa`) is longer than the maximum allowed length (50).\n    at new ValidationError (/Users/kerby/workspace/node/node-mosh/demos/ex17-vidly-unit-tests/node_modules/mongoose/lib/error/validation.js:30:11)\n    at model.Object.<anonymous>.Document.invalidate (/Users/kerby/workspace/node/node-mosh/demos/ex17-vidly-unit-tests/node_modules/mongoose/lib/document.js:2334:32)\n    at p.doValidate.skipSchemaValidators (/Users/kerby/workspace/node/node-mosh/demos/ex17-vidly-unit-tests/node_modules/mongoose/lib/document.js:2183:17)\n    at /Users/kerby/workspace/node/node-mosh/demos/ex17-vidly-unit-tests/node_modules/mongoose/lib/schematype.js:1037:9\n    at process._tickCallback (internal/process/next_tick.js:61:11)"}
{"message":"Listening on port 3000","level":"info"}
{"message":"Connected to mongodb://localhost/vidly_tests...","level":"info"}
{"message":"Listening on port 3000","level":"info"}
{"message":"Connected to mongodb://localhost/vidly_tests...","level":"info"}
{"message":"Listening on port 3000","level":"info"}
{"message":"Connected to mongodb://localhost/vidly_tests...","level":"info"}
{"message":"Listening on port 3000","level":"info"}
{"message":"Connected to mongodb://localhost/vidly_tests...","level":"info"}
{"message":"Listening on port 3000","level":"info"}
{"message":"Connected to mongodb://localhost/vidly_tests...","level":"info"}
{"message":"Listening on port 3000","level":"info"}
{"message":"Connected to mongodb://localhost/vidly_tests...","level":"info"}
{"message":"Listening on port 3000","level":"info"}
{"message":"Connected to mongodb://localhost/vidly_tests...","level":"info"}
{"message":"Listening on port 3000","level":"info"}
{"message":"Connected to mongodb://localhost/vidly_tests...","level":"info"}
{"message":"Listening on port 3000","level":"info"}
{"message":"Connected to mongodb://localhost/vidly_tests...","level":"info"}
{"message":"Listening on port 3000","level":"info"}
{"message":"Connected to mongodb://localhost/vidly_tests...","level":"info"}
{"message":"Listening on port 3000","level":"info"}
{"message":"Connected to mongodb://localhost/vidly_tests...","level":"info"}
{"message":"Listening on port 3000","level":"info"}
{"message":"Connected to mongodb://localhost/vidly_tests...","level":"info"}
{"message":"Listening on port 3000","level":"info"}
{"message":"Connected to mongodb://localhost/vidly_tests...","level":"info"}
{"message":"Listening on port 3000","level":"info"}
{"message":"Connected to mongodb://localhost/vidly_tests...","level":"info"}
{"message":"Listening on port 3000","level":"info"}
{"message":"Connected to mongodb://localhost/vidly_tests...","level":"info"}
{"message":"Listening on port 3000","level":"info"}
{"message":"Connected to mongodb://localhost/vidly_tests...","level":"info"}
{"message":"Listening on port 3000","level":"info"}
{"message":"Connected to mongodb://localhost/vidly_tests...","level":"info"}
{"message":"Listening on port 3000","level":"info"}
{"message":"Connected to mongodb://localhost/vidly_tests...","level":"info"}
{"message":"Listening on port 3000","level":"info"}
{"message":"Connected to mongodb://localhost/vidly_tests...","level":"info"}
{"message":"Listening on port 3000","level":"info"}
{"message":"Connected to mongodb://localhost/vidly_tests...","level":"info"}
{"message":"Listening on port 3000","level":"info"}
{"message":"Connected to mongodb://localhost/vidly_tests...","level":"info"}
{"message":"Listening on port 3000","level":"info"}
{"message":"Connected to mongodb://localhost/vidly_tests...","level":"info"}
{"message":"Listening on port 3000","level":"info"}
{"message":"Connected to mongodb://localhost/vidly_tests...","level":"info"}
{"message":"Listening on port 3000","level":"info"}
{"message":"Connected to mongodb://localhost/vidly_tests...","level":"info"}
{"message":"Listening on port 3000","level":"info"}
{"message":"Connected to mongodb://localhost/vidly_tests...","level":"info"}
{"message":"Listening on port 3000","level":"info"}
{"message":"Connected to mongodb://localhost/vidly_tests...","level":"info"}
{"message":"Listening on port 3000","level":"info"}
{"message":"Connected to mongodb://localhost/vidly_tests...","level":"info"}
{"message":"Listening on port 3000","level":"info"}
{"message":"Connected to mongodb://localhost/vidly_tests...","level":"info"}
{"message":"Listening on port 3000","level":"info"}
{"message":"Connected to mongodb://localhost/vidly_tests...","level":"info"}
{"message":"Listening on port 3000","level":"info"}
{"message":"Connected to mongodb://localhost/vidly_tests...","level":"info"}
{"message":"Listening on port 3000","level":"info"}
{"message":"Connected to mongodb://localhost/vidly_tests...","level":"info"}
{"message":"Listening on port 3000","level":"info"}
{"message":"Connected to mongodb://localhost/vidly_tests...","level":"info"}
{"message":"Listening on port 3000","level":"info"}
{"message":"Listening on port 3000","level":"info"}
{"message":"Connected to mongodb://localhost/vidly_tests...","level":"info"}
{"message":"Listening on port 3000","level":"info"}
{"message":"Listening on port 3000","level":"info"}
{"message":"Connected to mongodb://localhost/vidly_tests...","level":"info"}
{"message":"Listening on port 3000","level":"info"}
{"message":"Connected to mongodb://localhost/vidly_tests...","level":"info"}
{"message":"Listening on port 3000","level":"info"}
{"message":"Connected to mongodb://localhost/vidly_tests...","level":"info"}
{"message":"Listening on port 3000","level":"info"}
{"message":"Connected to mongodb://localhost/vidly_tests...","level":"info"}
{"message":"Listening on port 3000","level":"info"}
{"message":"Connected to mongodb://localhost/vidly_tests...","level":"info"}
{"message":"Listening on port 3000","level":"info"}
{"message":"Connected to mongodb://localhost/vidly_tests...","level":"info"}
{"message":"Listening on port 3000","level":"info"}
{"message":"Connected to mongodb://localhost/vidly_tests...","level":"info"}
{"message":"Listening on port 3000","level":"info"}
{"message":"Connected to mongodb://localhost/vidly_tests...","level":"info"}
{"message":"Listening on port 3000","level":"info"}
{"message":"Connected to mongodb://localhost/vidly_tests...","level":"info"}
{"message":"Listening on port 3000","level":"info"}
{"message":"Connected to mongodb://localhost/vidly_tests...","level":"info"}
{"message":"Listening on port 3000","level":"info"}
{"message":"Connected to mongodb://localhost/vidly_tests...","level":"info"}
{"message":"Connected to mongodb://localhost/vidly_tests...","level":"info"}
{"message":"Listening on port 3000","level":"info"}
{"message":"Listening on port 3000","level":"info"}
{"message":"Connected to mongodb://localhost/vidly_tests...","level":"info"}
{"message":"Listening on port 3000","level":"info"}
{"message":"Connected to mongodb://localhost/vidly_tests...","level":"info"}
{"message":"Listening on port 3000","level":"info"}
{"message":"Connected to mongodb://localhost/vidly_tests...","level":"info"}
{"message":"Listening on port 3000","level":"info"}
{"message":"Connected to mongodb://localhost/vidly_tests...","level":"info"}
{"message":"Listening on port 3000","level":"info"}
{"message":"Connected to mongodb://localhost/vidly_tests...","level":"info"}
{"message":"Connected to mongodb://localhost/vidly_tests...","level":"info"}
{"message":"Listening on port 3000","level":"info"}
{"message":"Listening on port 3000","level":"info"}
{"message":"Connected to mongodb://localhost/vidly_tests...","level":"info"}
{"message":"Connected to mongodb://localhost/vidly_tests...","level":"info"}
{"message":"Listening on port 3000","level":"info"}
{"message":"Listening on port 3000","level":"info"}
{"message":"Connected to mongodb://localhost/vidly_tests...","level":"info"}
{"message":"Listening on port 3000","level":"info"}
{"message":"Connected to mongodb://localhost/vidly_tests...","level":"info"}
{"message":"Listening on port 3000","level":"info"}
{"message":"Connected to mongodb://localhost/vidly_tests...","level":"info"}
{"message":"Listening on port 3000","level":"info"}
{"message":"Connected to mongodb://localhost/vidly_tests...","level":"info"}
{"message":"Listening on port 3000","level":"info"}
{"message":"Connected to mongodb://localhost/vidly_tests...","level":"info"}
{"message":"Listening on port 3000","level":"info"}
{"message":"Connected to mongodb://localhost/vidly_tests...","level":"info"}
{"message":"Listening on port 3000","level":"info"}
{"message":"Connected to mongodb://localhost/vidly_tests...","level":"info"}
{"message":"Listening on port 3000","level":"info"}
{"message":"Connected to mongodb://localhost/vidly_tests...","level":"info"}
{"message":"Listening on port 3000","level":"info"}
{"message":"Connected to mongodb://localhost/vidly_tests...","level":"info"}
{"message":"Listening on port 3000","level":"info"}
{"message":"Connected to mongodb://localhost/vidly_tests...","level":"info"}
{"message":"Listening on port 3000","level":"info"}
{"message":"Connected to mongodb://localhost/vidly_tests...","level":"info"}
{"message":"Listening on port 3000","level":"info"}
{"message":"Connected to mongodb://localhost/vidly_tests...","level":"info"}
{"message":"Listening on port 3000","level":"info"}
{"message":"Connected to mongodb://localhost/vidly_tests...","level":"info"}
{"message":"Listening on port 3000","level":"info"}
{"message":"Connected to mongodb://localhost/vidly_tests...","level":"info"}
{"message":"Listening on port 3000","level":"info"}
{"message":"Connected to mongodb://localhost/vidly_tests...","level":"info"}
{"message":"Listening on port 3000","level":"info"}
{"message":"Connected to mongodb://localhost/vidly_tests...","level":"info"}
{"message":"Connected to mongodb://localhost/vidly_tests...","level":"info"}
{"message":"Listening on port 3000","level":"info"}
{"message":"Listening on port 3000","level":"info"}
{"message":"Connected to mongodb://localhost/vidly_tests...","level":"info"}
{"message":"Listening on port 3000","level":"info"}
{"message":"Connected to mongodb://localhost/vidly_tests...","level":"info"}
{"message":"Listening on port 3000","level":"info"}
{"message":"Connected to mongodb://localhost/vidly_tests...","level":"info"}
{"message":"Listening on port 3000","level":"info"}
{"message":"Connected to mongodb://localhost/vidly_tests...","level":"info"}
{"message":"Listening on port 3000","level":"info"}
{"message":"Connected to mongodb://localhost/vidly_tests...","level":"info"}
{"message":"Listening on port 3000","level":"info"}
{"message":"Connected to mongodb://localhost/vidly_tests...","level":"info"}
{"message":"Listening on port 3000","level":"info"}
{"message":"Connected to mongodb://localhost/vidly_tests...","level":"info"}
{"message":"Listening on port 3000","level":"info"}
{"message":"Connected to mongodb://localhost/vidly_tests...","level":"info"}
{"message":"Listening on port 3000","level":"info"}
{"message":"Connected to mongodb://localhost/vidly_tests...","level":"info"}
{"message":"Listening on port 3000","level":"info"}
{"message":"Connected to mongodb://localhost/vidly_tests...","level":"info"}
{"message":"Listening on port 3000","level":"info"}
{"message":"Connected to mongodb://localhost/vidly_tests...","level":"info"}
{"message":"Listening on port 3000","level":"info"}
{"message":"Connected to mongodb://localhost/vidly_tests...","level":"info"}
{"message":"Connected to mongodb://localhost/vidly_tests...","level":"info"}
{"message":"Listening on port 3000","level":"info"}
{"message":"Listening on port 3000","level":"info"}
{"message":"Connected to mongodb://localhost/vidly_tests...","level":"info"}
{"message":"Listening on port 3000","level":"info"}
{"message":"Connected to mongodb://localhost/vidly_tests...","level":"info"}
{"message":"Listening on port 3000","level":"info"}
{"message":"Connected to mongodb://localhost/vidly_tests...","level":"info"}
{"message":"Listening on port 3000","level":"info"}
{"message":"Connected to mongodb://localhost/vidly_tests...","level":"info"}
{"message":"Listening on port 3000","level":"info"}
{"message":"Connected to mongodb://localhost/vidly_tests...","level":"info"}
{"message":"Listening on port 3000","level":"info"}
{"message":"Connected to mongodb://localhost/vidly_tests...","level":"info"}
{"level":"error","message":"Cannot read property 'customerId' of undefinedCannot read property 'customerId' of undefined","stack":"TypeError: Cannot read property 'customerId' of undefined\n    at customerId (/Users/kerby/workspace/node/node-mosh/demos/ex17-vidly-automated-tests/routes/returns.js:7:17)\n    at newFn (/Users/kerby/workspace/node/node-mosh/demos/ex17-vidly-automated-tests/node_modules/express-async-errors/index.js:16:20)\n    at Layer.handle [as handle_request] (/Users/kerby/workspace/node/node-mosh/demos/ex17-vidly-automated-tests/node_modules/express/lib/router/layer.js:95:5)\n    at next (/Users/kerby/workspace/node/node-mosh/demos/ex17-vidly-automated-tests/node_modules/express/lib/router/route.js:137:13)\n    at Route.dispatch (/Users/kerby/workspace/node/node-mosh/demos/ex17-vidly-automated-tests/node_modules/express/lib/router/route.js:112:3)\n    at newFn (/Users/kerby/workspace/node/node-mosh/demos/ex17-vidly-automated-tests/node_modules/express-async-errors/index.js:16:20)\n    at Layer.handle [as handle_request] (/Users/kerby/workspace/node/node-mosh/demos/ex17-vidly-automated-tests/node_modules/express/lib/router/layer.js:95:5)\n    at /Users/kerby/workspace/node/node-mosh/demos/ex17-vidly-automated-tests/node_modules/express/lib/router/index.js:281:22\n    at Function.process_params (/Users/kerby/workspace/node/node-mosh/demos/ex17-vidly-automated-tests/node_modules/express/lib/router/index.js:335:12)\n    at next (/Users/kerby/workspace/node/node-mosh/demos/ex17-vidly-automated-tests/node_modules/express/lib/router/index.js:275:10)\n    at Function.handle (/Users/kerby/workspace/node/node-mosh/demos/ex17-vidly-automated-tests/node_modules/express/lib/router/index.js:174:3)\n    at router (/Users/kerby/workspace/node/node-mosh/demos/ex17-vidly-automated-tests/node_modules/express/lib/router/index.js:47:12)\n    at newFn (/Users/kerby/workspace/node/node-mosh/demos/ex17-vidly-automated-tests/node_modules/express-async-errors/index.js:16:20)\n    at Layer.handle [as handle_request] (/Users/kerby/workspace/node/node-mosh/demos/ex17-vidly-automated-tests/node_modules/express/lib/router/layer.js:95:5)\n    at trim_prefix (/Users/kerby/workspace/node/node-mosh/demos/ex17-vidly-automated-tests/node_modules/express/lib/router/index.js:317:13)\n    at /Users/kerby/workspace/node/node-mosh/demos/ex17-vidly-automated-tests/node_modules/express/lib/router/index.js:284:7\n    at Function.process_params (/Users/kerby/workspace/node/node-mosh/demos/ex17-vidly-automated-tests/node_modules/express/lib/router/index.js:335:12)\n    at next (/Users/kerby/workspace/node/node-mosh/demos/ex17-vidly-automated-tests/node_modules/express/lib/router/index.js:275:10)\n    at /Users/kerby/workspace/node/node-mosh/demos/ex17-vidly-automated-tests/node_modules/body-parser/lib/read.js:130:5\n    at invokeCallback (/Users/kerby/workspace/node/node-mosh/demos/ex17-vidly-automated-tests/node_modules/raw-body/index.js:224:16)\n    at done (/Users/kerby/workspace/node/node-mosh/demos/ex17-vidly-automated-tests/node_modules/raw-body/index.js:213:7)\n    at IncomingMessage.onEnd (/Users/kerby/workspace/node/node-mosh/demos/ex17-vidly-automated-tests/node_modules/raw-body/index.js:273:7)\n    at IncomingMessage.emit (events.js:203:15)\n    at endReadableNT (_stream_readable.js:1129:12)\n    at process._tickCallback (internal/process/next_tick.js:63:19)"}
{"level":"error","message":"Cannot read property 'customerId' of undefinedCannot read property 'customerId' of undefined","stack":"TypeError: Cannot read property 'customerId' of undefined\n    at customerId (/Users/kerby/workspace/node/node-mosh/demos/ex17-vidly-automated-tests/routes/returns.js:7:17)\n    at newFn (/Users/kerby/workspace/node/node-mosh/demos/ex17-vidly-automated-tests/node_modules/express-async-errors/index.js:16:20)\n    at Layer.handle [as handle_request] (/Users/kerby/workspace/node/node-mosh/demos/ex17-vidly-automated-tests/node_modules/express/lib/router/layer.js:95:5)\n    at next (/Users/kerby/workspace/node/node-mosh/demos/ex17-vidly-automated-tests/node_modules/express/lib/router/route.js:137:13)\n    at Route.dispatch (/Users/kerby/workspace/node/node-mosh/demos/ex17-vidly-automated-tests/node_modules/express/lib/router/route.js:112:3)\n    at newFn (/Users/kerby/workspace/node/node-mosh/demos/ex17-vidly-automated-tests/node_modules/express-async-errors/index.js:16:20)\n    at Layer.handle [as handle_request] (/Users/kerby/workspace/node/node-mosh/demos/ex17-vidly-automated-tests/node_modules/express/lib/router/layer.js:95:5)\n    at /Users/kerby/workspace/node/node-mosh/demos/ex17-vidly-automated-tests/node_modules/express/lib/router/index.js:281:22\n    at Function.process_params (/Users/kerby/workspace/node/node-mosh/demos/ex17-vidly-automated-tests/node_modules/express/lib/router/index.js:335:12)\n    at next (/Users/kerby/workspace/node/node-mosh/demos/ex17-vidly-automated-tests/node_modules/express/lib/router/index.js:275:10)\n    at Function.handle (/Users/kerby/workspace/node/node-mosh/demos/ex17-vidly-automated-tests/node_modules/express/lib/router/index.js:174:3)\n    at router (/Users/kerby/workspace/node/node-mosh/demos/ex17-vidly-automated-tests/node_modules/express/lib/router/index.js:47:12)\n    at newFn (/Users/kerby/workspace/node/node-mosh/demos/ex17-vidly-automated-tests/node_modules/express-async-errors/index.js:16:20)\n    at Layer.handle [as handle_request] (/Users/kerby/workspace/node/node-mosh/demos/ex17-vidly-automated-tests/node_modules/express/lib/router/layer.js:95:5)\n    at trim_prefix (/Users/kerby/workspace/node/node-mosh/demos/ex17-vidly-automated-tests/node_modules/express/lib/router/index.js:317:13)\n    at /Users/kerby/workspace/node/node-mosh/demos/ex17-vidly-automated-tests/node_modules/express/lib/router/index.js:284:7\n    at Function.process_params (/Users/kerby/workspace/node/node-mosh/demos/ex17-vidly-automated-tests/node_modules/express/lib/router/index.js:335:12)\n    at next (/Users/kerby/workspace/node/node-mosh/demos/ex17-vidly-automated-tests/node_modules/express/lib/router/index.js:275:10)\n    at /Users/kerby/workspace/node/node-mosh/demos/ex17-vidly-automated-tests/node_modules/body-parser/lib/read.js:130:5\n    at invokeCallback (/Users/kerby/workspace/node/node-mosh/demos/ex17-vidly-automated-tests/node_modules/raw-body/index.js:224:16)\n    at done (/Users/kerby/workspace/node/node-mosh/demos/ex17-vidly-automated-tests/node_modules/raw-body/index.js:213:7)\n    at IncomingMessage.onEnd (/Users/kerby/workspace/node/node-mosh/demos/ex17-vidly-automated-tests/node_modules/raw-body/index.js:273:7)\n    at IncomingMessage.emit (events.js:203:15)\n    at endReadableNT (_stream_readable.js:1129:12)\n    at process._tickCallback (internal/process/next_tick.js:63:19)"}
{"message":"Listening on port 3000","level":"info"}
{"message":"Connected to mongodb://localhost/vidly_tests...","level":"info"}
{"message":"Listening on port 3000","level":"info"}
{"message":"Connected to mongodb://localhost/vidly_tests...","level":"info"}
{"message":"Listening on port 3000","level":"info"}
{"message":"Connected to mongodb://localhost/vidly_tests...","level":"info"}
{"message":"Listening on port 3000","level":"info"}
{"message":"Connected to mongodb://localhost/vidly_tests...","level":"info"}
{"message":"Listening on port 3000","level":"info"}
{"message":"Connected to mongodb://localhost/vidly_tests...","level":"info"}
{"message":"Listening on port 3000","level":"info"}
{"message":"Connected to mongodb://localhost/playground...","level":"info"}
{"message":"Listening on port 3000","level":"info"}
{"message":"Connected to mongodb://localhost/playground...","level":"info"}
{"message":"Listening on port 3000","level":"info"}
{"message":"Connected to mongodb://localhost/playground...","level":"info"}
{"message":"Connected to mongodb://localhost/vidly_tests...","level":"info"}
{"message":"Listening on port 3000","level":"info"}
{"message":"Listening on port 3000","level":"info"}
{"message":"Connected to mongodb://localhost/vidly_tests...","level":"info"}
{"message":"Connected to mongodb://localhost/playground...","level":"info"}
{"message":"Listening on port 3000","level":"info"}
{"message":"Connected to mongodb://localhost/playground...","level":"info"}
{"message":"Listening on port 3000","level":"info"}
{"message":"Connected to mongodb://localhost/playground...","level":"info"}
{"message":"Listening on port 3000","level":"info"}
{"message":"Connected to mongodb://localhost/playground...","level":"info"}
